[04-Feb-2018 05:45:36 UTC] PHP Warning:  Unknown: failed to open stream: No such file or directory in Unknown on line 0
[04-Feb-2018 05:45:36 UTC] PHP Fatal error:  Unknown: Failed opening required '/home/guido/git/tapog/public/public/index.php' (include_path='.:/usr/share/php7:/usr/share/php') in Unknown on line 0
[04-Feb-2018 05:46:12 UTC] PHP Warning:  Unknown: failed to open stream: No such file or directory in Unknown on line 0
[04-Feb-2018 05:46:12 UTC] PHP Fatal error:  Unknown: Failed opening required '/home/guido/git/tapog/public/public/index.php' (include_path='.:/usr/share/php7:/usr/share/php') in Unknown on line 0
[04-Feb-2018 05:55:06 UTC] PHP Warning:  require(config/container.php): failed to open stream: No such file or directory in /home/guido/git/tapog/public/index.php on line 18
[04-Feb-2018 05:55:06 UTC] PHP Fatal error:  require(): Failed opening required 'config/container.php' (include_path='.:/usr/share/php7:/usr/share/php') in /home/guido/git/tapog/public/index.php on line 18
[04-Feb-2018 05:56:28 UTC] PHP Fatal error:  Uncaught Error: Class 'Zend\ConfigAggregator\ConfigAggregator' not found in /home/guido/git/tapog/config/config.php:13
Stack trace:
#0 /home/guido/git/tapog/config/container.php(7): require()
#1 /home/guido/git/tapog/public/index.php(18): require('/home/guido/git...')
#2 /home/guido/git/tapog/public/index.php(29): {closure}()
#3 {main}
  thrown in /home/guido/git/tapog/config/config.php on line 13
[04-Feb-2018 06:02:56 UTC] PHP Fatal error:  Uncaught Error: Class 'Zend\ConfigAggregator\ConfigAggregator' not found in /home/guido/git/tapog/config/config.php:13
Stack trace:
#0 /home/guido/git/tapog/config/container.php(7): require()
#1 /home/guido/git/tapog/public/index.php(18): require('/home/guido/git...')
#2 /home/guido/git/tapog/public/index.php(29): {closure}()
#3 {main}
  thrown in /home/guido/git/tapog/config/config.php on line 13
[04-Feb-2018 06:04:36 UTC] PHP Fatal error:  Uncaught Error: Class 'Zend\ConfigAggregator\ConfigAggregator' not found in /home/guido/git/tapog/config/config.php:13
Stack trace:
#0 /home/guido/git/tapog/config/container.php(7): require()
#1 /home/guido/git/tapog/public/index.php(18): require('/home/guido/git...')
#2 /home/guido/git/tapog/public/index.php(29): {closure}()
#3 {main}
  thrown in /home/guido/git/tapog/config/config.php on line 13
